<?xml version="1.0" encoding="UTF-8"?>
<!-- Generated by org.testng.reporters.JUnitReportReporter -->
<testsuite skipped="0" hostname="DESKTOP-B4CGF5L" name="com.trivago.de.scripts.Destination" tests="1" failures="0" timestamp="14 Jul 2018 15:53:45 GMT" time="18.117" errors="0">
  <testcase name="SearchBarCase" time="18.117" classname="com.trivago.de.scripts.Destination"/>
</testsuite> <!-- com.trivago.de.scripts.Destination -->
