<?xml version="1.0" encoding="UTF-8"?>
<!-- Generated by org.testng.reporters.JUnitReportReporter -->
<testsuite skipped="0" hostname="DESKTOP-B4CGF5L" name="com.trivago.de.scripts.LoginLogoutTest" tests="1" failures="0" timestamp="14 Jul 2018 10:58:00 GMT" time="10.323" errors="0">
  <testcase name="testAutoLoginLogout" time="10.323" classname="com.trivago.de.scripts.LoginLogoutTest"/>
</testsuite> <!-- com.trivago.de.scripts.LoginLogoutTest -->
