<?xml version="1.0" encoding="UTF-8"?>
<!-- Generated by org.testng.reporters.JUnitReportReporter -->
<testsuite skipped="0" hostname="DESKTOP-B4CGF5L" name="com.trivago.de.scripts.Subscribe_Newsletter" tests="1" failures="0" timestamp="14 Jul 2018 15:26:43 GMT" time="17.747" errors="0">
  <testcase name="SearchBarCase" time="17.747" classname="com.trivago.de.scripts.Subscribe_Newsletter"/>
</testsuite> <!-- com.trivago.de.scripts.Subscribe_Newsletter -->
