<?xml version="1.0" encoding="UTF-8"?>
<!-- Generated by org.testng.reporters.JUnitReportReporter -->
<testsuite skipped="0" hostname="DESKTOP-B4CGF5L" name="com.trivago.de.scripts.SearchBarTest" tests="1" failures="0" timestamp="14 Jul 2018 16:00:37 GMT" time="7.941" errors="0">
  <testcase name="SearchBarCase" time="7.941" classname="com.trivago.de.scripts.SearchBarTest"/>
</testsuite> <!-- com.trivago.de.scripts.SearchBarTest -->
